<?xml version="1.0" encoding="UTF-8"?>
<testng-results skipped="0" failed="0" ignored="0" total="1" passed="1">
  <reporter-output>
  </reporter-output>
  <suite name="Default suite" duration-ms="46243" started-at="2021-02-18T17:11:33 IST" finished-at="2021-02-18T17:12:19 IST">
    <groups>
    </groups>
    <test name="Default test" duration-ms="46243" started-at="2021-02-18T17:11:33 IST" finished-at="2021-02-18T17:12:19 IST">
      <class name="com.LoginTest.LoginTestLog4jAutomation">
        <test-method status="PASS" signature="setup()[pri:0, instance:com.LoginTest.LoginTestLog4jAutomation@4abdb505]" name="setup" is-config="true" duration-ms="44251" started-at="2021-02-18T17:11:33 IST" finished-at="2021-02-18T17:12:17 IST">
          <reporter-output>
          </reporter-output>
        </test-method> <!-- setup -->
        <test-method status="PASS" signature="freeCrmTitleTest()[pri:1, instance:com.LoginTest.LoginTestLog4jAutomation@4abdb505]" name="freeCrmTitleTest" duration-ms="238" started-at="2021-02-18T17:12:17 IST" finished-at="2021-02-18T17:12:17 IST">
          <reporter-output>
          </reporter-output>
        </test-method> <!-- freeCrmTitleTest -->
        <test-method status="PASS" signature="tearDown()[pri:0, instance:com.LoginTest.LoginTestLog4jAutomation@4abdb505]" name="tearDown" is-config="true" duration-ms="1329" started-at="2021-02-18T17:12:17 IST" finished-at="2021-02-18T17:12:19 IST">
          <reporter-output>
          </reporter-output>
        </test-method> <!-- tearDown -->
      </class> <!-- com.LoginTest.LoginTestLog4jAutomation -->
    </test> <!-- Default test -->
  </suite> <!-- Default suite -->
</testng-results>
